{"C:\\Users\\user P\\web-course\\web-programming-course\\lessons\\lr5\\quiz-backend\\src\\lib\\prisma.ts": {"path":"C:\\Users\\user P\\web-course\\web-programming-course\\lessons\\lr5\\quiz-backend\\src\\lib\\prisma.ts","statementMap":{"0":{"start":{"line":4,"column":24},"end":{"line":4,"column":null}},"1":{"start":{"line":8,"column":22},"end":{"line":8,"column":66}},"2":{"start":{"line":10,"column":0},"end":{"line":11,"column":null}},"3":{"start":{"line":11,"column":2},"end":{"line":11,"column":null}}},"fnMap":{},"branchMap":{"0":{"loc":{"start":{"line":8,"column":22},"end":{"line":8,"column":66}},"type":"binary-expr","locations":[{"start":{"line":8,"column":22},"end":{"line":8,"column":48}},{"start":{"line":8,"column":48},"end":{"line":8,"column":66}}],"line":8},"1":{"loc":{"start":{"line":10,"column":0},"end":{"line":11,"column":null}},"type":"if","locations":[{"start":{"line":10,"column":0},"end":{"line":11,"column":null}},{"start":{},"end":{}}],"line":10}},"s":{"0":3,"1":3,"2":3,"3":3},"f":{},"b":{"0":[3,3],"1":[3,0]},"meta":{"lastBranch":2,"lastFunction":0,"lastStatement":4,"seen":{"s:4:24:4:Infinity":0,"s:8:22:8:66":1,"b:8:22:8:48:8:48:8:66":0,"b:10:0:11:Infinity:undefined:undefined:undefined:undefined":1,"s:10:0:11:Infinity":2,"s:11:2:11:Infinity":3}}}
,"C:\\Users\\user P\\web-course\\web-programming-course\\lessons\\lr5\\quiz-backend\\src\\lib\\prismaMiddleware.ts": {"path":"C:\\Users\\user P\\web-course\\web-programming-course\\lessons\\lr5\\quiz-backend\\src\\lib\\prismaMiddleware.ts","statementMap":{"0":{"start":{"line":4,"column":3},"end":{"line":12,"column":null}},"1":{"start":{"line":5,"column":18},"end":{"line":5,"column":28}},"2":{"start":{"line":6,"column":19},"end":{"line":6,"column":37}},"3":{"start":{"line":7,"column":21},"end":{"line":7,"column":null}},"4":{"start":{"line":8,"column":4},"end":{"line":9,"column":null}},"5":{"start":{"line":9,"column":6},"end":{"line":9,"column":null}},"6":{"start":{"line":11,"column":4},"end":{"line":11,"column":null}}},"fnMap":{"0":{"name":"addQueryLogging","decl":{"start":{"line":3,"column":16},"end":{"line":3,"column":32}},"loc":{"start":{"line":3,"column":54},"end":{"line":12,"column":null}},"line":3},"1":{"name":"(anonymous_1)","decl":{"start":{"line":4,"column":23},"end":{"line":4,"column":30}},"loc":{"start":{"line":4,"column":83},"end":{"line":12,"column":null}},"line":4}},"branchMap":{"0":{"loc":{"start":{"line":8,"column":4},"end":{"line":9,"column":null}},"type":"if","locations":[{"start":{"line":8,"column":4},"end":{"line":9,"column":null}},{"start":{},"end":{}}],"line":8}},"s":{"0":0,"1":0,"2":0,"3":0,"4":0,"5":0,"6":0},"f":{"0":0,"1":0},"b":{"0":[0,0]},"meta":{"lastBranch":1,"lastFunction":2,"lastStatement":7,"seen":{"f:3:16:3:32":0,"s:4:3:12:Infinity":0,"f:4:23:4:30":1,"s:5:18:5:28":1,"s:6:19:6:37":2,"s:7:21:7:Infinity":3,"b:8:4:9:Infinity:undefined:undefined:undefined:undefined":0,"s:8:4:9:Infinity":4,"s:9:6:9:Infinity":5,"s:11:4:11:Infinity":6}}}
,"C:\\Users\\user P\\web-course\\web-programming-course\\lessons\\lr5\\quiz-backend\\src\\middleware\\admin.ts": {"path":"C:\\Users\\user P\\web-course\\web-programming-course\\lessons\\lr5\\quiz-backend\\src\\middleware\\admin.ts","statementMap":{"0":{"start":{"line":6,"column":21},"end":{"line":6,"column":50}},"1":{"start":{"line":7,"column":20},"end":{"line":7,"column":null}},"2":{"start":{"line":8,"column":2},"end":{"line":9,"column":null}},"3":{"start":{"line":9,"column":4},"end":{"line":9,"column":null}},"4":{"start":{"line":13,"column":2},"end":{"line":14,"column":null}},"5":{"start":{"line":14,"column":4},"end":{"line":14,"column":null}},"6":{"start":{"line":17,"column":16},"end":{"line":17,"column":57}},"7":{"start":{"line":18,"column":2},"end":{"line":19,"column":null}},"8":{"start":{"line":19,"column":4},"end":{"line":19,"column":null}},"9":{"start":{"line":23,"column":2},"end":{"line":26,"column":null}},"10":{"start":{"line":24,"column":4},"end":{"line":24,"column":null}},"11":{"start":{"line":26,"column":4},"end":{"line":26,"column":null}},"12":{"start":{"line":29,"column":17},"end":{"line":29,"column":null}},"13":{"start":{"line":30,"column":2},"end":{"line":31,"column":null}},"14":{"start":{"line":31,"column":4},"end":{"line":31,"column":null}},"15":{"start":{"line":34,"column":15},"end":{"line":37,"column":4}},"16":{"start":{"line":39,"column":2},"end":{"line":40,"column":null}},"17":{"start":{"line":40,"column":4},"end":{"line":40,"column":null}},"18":{"start":{"line":43,"column":2},"end":{"line":44,"column":null}},"19":{"start":{"line":44,"column":4},"end":{"line":44,"column":null}},"20":{"start":{"line":47,"column":2},"end":{"line":47,"column":null}},"21":{"start":{"line":48,"column":2},"end":{"line":48,"column":null}},"22":{"start":{"line":49,"column":2},"end":{"line":49,"column":null}}},"fnMap":{"0":{"name":"adminMiddleware","decl":{"start":{"line":5,"column":22},"end":{"line":5,"column":38}},"loc":{"start":{"line":5,"column":57},"end":{"line":49,"column":null}},"line":5}},"branchMap":{"0":{"loc":{"start":{"line":8,"column":2},"end":{"line":9,"column":null}},"type":"if","locations":[{"start":{"line":8,"column":2},"end":{"line":9,"column":null}},{"start":{},"end":{}}],"line":8},"1":{"loc":{"start":{"line":13,"column":2},"end":{"line":14,"column":null}},"type":"if","locations":[{"start":{"line":13,"column":2},"end":{"line":14,"column":null}},{"start":{},"end":{}}],"line":13},"2":{"loc":{"start":{"line":18,"column":2},"end":{"line":19,"column":null}},"type":"if","locations":[{"start":{"line":18,"column":2},"end":{"line":19,"column":null}},{"start":{},"end":{}}],"line":18},"3":{"loc":{"start":{"line":30,"column":2},"end":{"line":31,"column":null}},"type":"if","locations":[{"start":{"line":30,"column":2},"end":{"line":31,"column":null}},{"start":{},"end":{}}],"line":30},"4":{"loc":{"start":{"line":39,"column":2},"end":{"line":40,"column":null}},"type":"if","locations":[{"start":{"line":39,"column":2},"end":{"line":40,"column":null}},{"start":{},"end":{}}],"line":39},"5":{"loc":{"start":{"line":43,"column":2},"end":{"line":44,"column":null}},"type":"if","locations":[{"start":{"line":43,"column":2},"end":{"line":44,"column":null}},{"start":{},"end":{}}],"line":43}},"s":{"0":2,"1":2,"2":2,"3":0,"4":2,"5":0,"6":2,"7":2,"8":0,"9":2,"10":2,"11":0,"12":2,"13":2,"14":0,"15":2,"16":2,"17":0,"18":2,"19":1,"20":1,"21":1,"22":1},"f":{"0":2},"b":{"0":[0,2],"1":[0,2],"2":[0,2],"3":[0,2],"4":[0,2],"5":[1,1]},"meta":{"lastBranch":6,"lastFunction":1,"lastStatement":23,"seen":{"f:5:22:5:38":0,"s:6:21:6:50":0,"s:7:20:7:Infinity":1,"b:8:2:9:Infinity:undefined:undefined:undefined:undefined":0,"s:8:2:9:Infinity":2,"s:9:4:9:Infinity":3,"b:13:2:14:Infinity:undefined:undefined:undefined:undefined":1,"s:13:2:14:Infinity":4,"s:14:4:14:Infinity":5,"s:17:16:17:57":6,"b:18:2:19:Infinity:undefined:undefined:undefined:undefined":2,"s:18:2:19:Infinity":7,"s:19:4:19:Infinity":8,"s:23:2:26:Infinity":9,"s:24:4:24:Infinity":10,"s:26:4:26:Infinity":11,"s:29:17:29:Infinity":12,"b:30:2:31:Infinity:undefined:undefined:undefined:undefined":3,"s:30:2:31:Infinity":13,"s:31:4:31:Infinity":14,"s:34:15:37:4":15,"b:39:2:40:Infinity:undefined:undefined:undefined:undefined":4,"s:39:2:40:Infinity":16,"s:40:4:40:Infinity":17,"b:43:2:44:Infinity:undefined:undefined:undefined:undefined":5,"s:43:2:44:Infinity":18,"s:44:4:44:Infinity":19,"s:47:2:47:Infinity":20,"s:48:2:48:Infinity":21,"s:49:2:49:Infinity":22}}}
,"C:\\Users\\user P\\web-course\\web-programming-course\\lessons\\lr5\\quiz-backend\\src\\routes\\admin.ts": {"path":"C:\\Users\\user P\\web-course\\web-programming-course\\lessons\\lr5\\quiz-backend\\src\\routes\\admin.ts","statementMap":{"0":{"start":{"line":8,"column":21},"end":{"line":8,"column":31}},"1":{"start":{"line":10,"column":0},"end":{"line":10,"column":null}},"2":{"start":{"line":12,"column":0},"end":{"line":31,"column":null}},"3":{"start":{"line":13,"column":4},"end":{"line":29,"column":null}},"4":{"start":{"line":14,"column":24},"end":{"line":25,"column":8}},"5":{"start":{"line":26,"column":6},"end":{"line":26,"column":null}},"6":{"start":{"line":28,"column":6},"end":{"line":28,"column":null}},"7":{"start":{"line":29,"column":6},"end":{"line":29,"column":null}},"8":{"start":{"line":34,"column":0},"end":{"line":59,"column":null}},"9":{"start":{"line":35,"column":2},"end":{"line":57,"column":null}},"10":{"start":{"line":36,"column":17},"end":{"line":36,"column":35}},"11":{"start":{"line":37,"column":17},"end":{"line":37,"column":43}},"12":{"start":{"line":39,"column":28},"end":{"line":44,"column":null}},"13":{"start":{"line":45,"column":4},"end":{"line":46,"column":null}},"14":{"start":{"line":46,"column":6},"end":{"line":46,"column":null}},"15":{"start":{"line":49,"column":21},"end":{"line":49,"column":71}},"16":{"start":{"line":51,"column":4},"end":{"line":51,"column":null}},"17":{"start":{"line":53,"column":4},"end":{"line":54,"column":null}},"18":{"start":{"line":54,"column":6},"end":{"line":54,"column":null}},"19":{"start":{"line":56,"column":4},"end":{"line":56,"column":null}},"20":{"start":{"line":57,"column":4},"end":{"line":57,"column":null}},"21":{"start":{"line":62,"column":0},"end":{"line":93,"column":null}},"22":{"start":{"line":63,"column":2},"end":{"line":91,"column":null}},"23":{"start":{"line":64,"column":15},"end":{"line":64,"column":32}},"24":{"start":{"line":65,"column":17},"end":{"line":65,"column":35}},"25":{"start":{"line":66,"column":17},"end":{"line":66,"column":53}},"26":{"start":{"line":68,"column":28},"end":{"line":68,"column":30}},"27":{"start":{"line":69,"column":4},"end":{"line":69,"column":null}},"28":{"start":{"line":69,"column":33},"end":{"line":69,"column":null}},"29":{"start":{"line":70,"column":4},"end":{"line":70,"column":null}},"30":{"start":{"line":70,"column":33},"end":{"line":70,"column":null}},"31":{"start":{"line":71,"column":4},"end":{"line":71,"column":null}},"32":{"start":{"line":71,"column":39},"end":{"line":71,"column":null}},"33":{"start":{"line":72,"column":4},"end":{"line":72,"column":null}},"34":{"start":{"line":72,"column":35},"end":{"line":72,"column":null}},"35":{"start":{"line":73,"column":4},"end":{"line":74,"column":null}},"36":{"start":{"line":74,"column":6},"end":{"line":74,"column":null}},"37":{"start":{"line":77,"column":21},"end":{"line":80,"column":6}},"38":{"start":{"line":82,"column":4},"end":{"line":82,"column":null}},"39":{"start":{"line":84,"column":4},"end":{"line":85,"column":null}},"40":{"start":{"line":85,"column":6},"end":{"line":85,"column":null}},"41":{"start":{"line":87,"column":4},"end":{"line":88,"column":null}},"42":{"start":{"line":88,"column":6},"end":{"line":88,"column":null}},"43":{"start":{"line":90,"column":4},"end":{"line":90,"column":null}},"44":{"start":{"line":91,"column":4},"end":{"line":91,"column":null}},"45":{"start":{"line":96,"column":0},"end":{"line":139,"column":null}},"46":{"start":{"line":97,"column":4},"end":{"line":137,"column":null}},"47":{"start":{"line":98,"column":19},"end":{"line":98,"column":55}},"48":{"start":{"line":99,"column":20},"end":{"line":99,"column":58}},"49":{"start":{"line":100,"column":12},"end":{"line":100,"column":null}},"50":{"start":{"line":102,"column":20},"end":{"line":106,"column":null}},"51":{"start":{"line":108,"column":31},"end":{"line":124,"column":8}},"52":{"start":{"line":126,"column":6},"end":{"line":134,"column":null}},"53":{"start":{"line":136,"column":6},"end":{"line":136,"column":null}},"54":{"start":{"line":137,"column":6},"end":{"line":137,"column":null}},"55":{"start":{"line":142,"column":0},"end":{"line":202,"column":null}},"56":{"start":{"line":143,"column":2},"end":{"line":200,"column":null}},"57":{"start":{"line":144,"column":21},"end":{"line":144,"column":38}},"58":{"start":{"line":145,"column":17},"end":{"line":145,"column":35}},"59":{"start":{"line":146,"column":23},"end":{"line":146,"column":46}},"60":{"start":{"line":148,"column":19},"end":{"line":154,"column":6}},"61":{"start":{"line":156,"column":4},"end":{"line":157,"column":null}},"62":{"start":{"line":157,"column":6},"end":{"line":157,"column":null}},"63":{"start":{"line":159,"column":4},"end":{"line":160,"column":null}},"64":{"start":{"line":160,"column":6},"end":{"line":160,"column":null}},"65":{"start":{"line":163,"column":22},"end":{"line":163,"column":null}},"66":{"start":{"line":164,"column":23},"end":{"line":164,"column":60}},"67":{"start":{"line":164,"column":49},"end":{"line":164,"column":58}},"68":{"start":{"line":165,"column":23},"end":{"line":165,"column":54}},"69":{"start":{"line":167,"column":26},"end":{"line":192,"column":null}},"70":{"start":{"line":168,"column":18},"end":{"line":171,"column":8}},"71":{"start":{"line":173,"column":24},"end":{"line":173,"column":null}},"72":{"start":{"line":174,"column":29},"end":{"line":179,"column":8}},"73":{"start":{"line":181,"column":24},"end":{"line":181,"column":67}},"74":{"start":{"line":181,"column":50},"end":{"line":181,"column":67}},"75":{"start":{"line":182,"column":6},"end":{"line":188,"column":null}},"76":{"start":{"line":183,"column":27},"end":{"line":183,"column":77}},"77":{"start":{"line":184,"column":27},"end":{"line":184,"column":81}},"78":{"start":{"line":184,"column":57},"end":{"line":184,"column":79}},"79":{"start":{"line":185,"column":8},"end":{"line":188,"column":null}},"80":{"start":{"line":191,"column":6},"end":{"line":191,"column":null}},"81":{"start":{"line":194,"column":4},"end":{"line":194,"column":null}},"82":{"start":{"line":196,"column":4},"end":{"line":197,"column":null}},"83":{"start":{"line":197,"column":6},"end":{"line":197,"column":null}},"84":{"start":{"line":199,"column":4},"end":{"line":199,"column":null}},"85":{"start":{"line":200,"column":4},"end":{"line":200,"column":null}},"86":{"start":{"line":205,"column":0},"end":{"line":225,"column":null}},"87":{"start":{"line":206,"column":2},"end":{"line":223,"column":null}},"88":{"start":{"line":207,"column":19},"end":{"line":207,"column":40}},"89":{"start":{"line":208,"column":21},"end":{"line":211,"column":6}},"90":{"start":{"line":213,"column":4},"end":{"line":214,"column":null}},"91":{"start":{"line":214,"column":6},"end":{"line":214,"column":null}},"92":{"start":{"line":217,"column":23},"end":{"line":217,"column":75}},"93":{"start":{"line":217,"column":51},"end":{"line":217,"column":73}},"94":{"start":{"line":218,"column":25},"end":{"line":218,"column":null}},"95":{"start":{"line":220,"column":4},"end":{"line":220,"column":null}},"96":{"start":{"line":222,"column":4},"end":{"line":222,"column":null}},"97":{"start":{"line":223,"column":4},"end":{"line":223,"column":null}},"98":{"start":{"line":227,"column":0},"end":{"line":242,"column":null}},"99":{"start":{"line":228,"column":4},"end":{"line":240,"column":null}},"100":{"start":{"line":229,"column":19},"end":{"line":229,"column":37}},"101":{"start":{"line":230,"column":28},"end":{"line":230,"column":63}},"102":{"start":{"line":231,"column":21},"end":{"line":233,"column":8}},"103":{"start":{"line":234,"column":6},"end":{"line":234,"column":null}},"104":{"start":{"line":236,"column":6},"end":{"line":237,"column":null}},"105":{"start":{"line":237,"column":8},"end":{"line":237,"column":null}},"106":{"start":{"line":239,"column":6},"end":{"line":239,"column":null}},"107":{"start":{"line":240,"column":6},"end":{"line":240,"column":null}}},"fnMap":{"0":{"name":"(anonymous_0)","decl":{"start":{"line":12,"column":24},"end":{"line":12,"column":31}},"loc":{"start":{"line":12,"column":37},"end":{"line":31,"column":null}},"line":12},"1":{"name":"(anonymous_1)","decl":{"start":{"line":34,"column":25},"end":{"line":34,"column":32}},"loc":{"start":{"line":34,"column":38},"end":{"line":59,"column":null}},"line":34},"2":{"name":"(anonymous_2)","decl":{"start":{"line":62,"column":28},"end":{"line":62,"column":35}},"loc":{"start":{"line":62,"column":41},"end":{"line":93,"column":null}},"line":62},"3":{"name":"(anonymous_3)","decl":{"start":{"line":96,"column":30},"end":{"line":96,"column":37}},"loc":{"start":{"line":96,"column":43},"end":{"line":139,"column":null}},"line":96},"4":{"name":"(anonymous_4)","decl":{"start":{"line":142,"column":33},"end":{"line":142,"column":40}},"loc":{"start":{"line":142,"column":46},"end":{"line":202,"column":null}},"line":142},"5":{"name":"(anonymous_5)","decl":{"start":{"line":164,"column":30},"end":{"line":164,"column":38}},"loc":{"start":{"line":164,"column":49},"end":{"line":164,"column":58}},"line":164},"6":{"name":"(anonymous_6)","decl":{"start":{"line":167,"column":52},"end":{"line":167,"column":59}},"loc":{"start":{"line":167,"column":66},"end":{"line":192,"column":null}},"line":167},"7":{"name":"(anonymous_7)","decl":{"start":{"line":181,"column":39},"end":{"line":181,"column":45}},"loc":{"start":{"line":181,"column":50},"end":{"line":181,"column":67}},"line":181},"8":{"name":"(anonymous_8)","decl":{"start":{"line":184,"column":38},"end":{"line":184,"column":46}},"loc":{"start":{"line":184,"column":57},"end":{"line":184,"column":79}},"line":184},"9":{"name":"(anonymous_9)","decl":{"start":{"line":205,"column":37},"end":{"line":205,"column":44}},"loc":{"start":{"line":205,"column":50},"end":{"line":225,"column":null}},"line":205},"10":{"name":"(anonymous_10)","decl":{"start":{"line":217,"column":32},"end":{"line":217,"column":40}},"loc":{"start":{"line":217,"column":51},"end":{"line":217,"column":73}},"line":217},"11":{"name":"(anonymous_11)","decl":{"start":{"line":227,"column":31},"end":{"line":227,"column":38}},"loc":{"start":{"line":227,"column":44},"end":{"line":242,"column":null}},"line":227}},"branchMap":{"0":{"loc":{"start":{"line":45,"column":4},"end":{"line":46,"column":null}},"type":"if","locations":[{"start":{"line":45,"column":4},"end":{"line":46,"column":null}},{"start":{},"end":{}}],"line":45},"1":{"loc":{"start":{"line":53,"column":4},"end":{"line":54,"column":null}},"type":"if","locations":[{"start":{"line":53,"column":4},"end":{"line":54,"column":null}},{"start":{},"end":{}}],"line":53},"2":{"loc":{"start":{"line":69,"column":4},"end":{"line":69,"column":null}},"type":"if","locations":[{"start":{"line":69,"column":4},"end":{"line":69,"column":null}},{"start":{},"end":{}}],"line":69},"3":{"loc":{"start":{"line":70,"column":4},"end":{"line":70,"column":null}},"type":"if","locations":[{"start":{"line":70,"column":4},"end":{"line":70,"column":null}},{"start":{},"end":{}}],"line":70},"4":{"loc":{"start":{"line":71,"column":4},"end":{"line":71,"column":null}},"type":"if","locations":[{"start":{"line":71,"column":4},"end":{"line":71,"column":null}},{"start":{},"end":{}}],"line":71},"5":{"loc":{"start":{"line":72,"column":4},"end":{"line":72,"column":null}},"type":"if","locations":[{"start":{"line":72,"column":4},"end":{"line":72,"column":null}},{"start":{},"end":{}}],"line":72},"6":{"loc":{"start":{"line":73,"column":4},"end":{"line":74,"column":null}},"type":"if","locations":[{"start":{"line":73,"column":4},"end":{"line":74,"column":null}},{"start":{},"end":{}}],"line":73},"7":{"loc":{"start":{"line":84,"column":4},"end":{"line":85,"column":null}},"type":"if","locations":[{"start":{"line":84,"column":4},"end":{"line":85,"column":null}},{"start":{},"end":{}}],"line":84},"8":{"loc":{"start":{"line":87,"column":4},"end":{"line":88,"column":null}},"type":"if","locations":[{"start":{"line":87,"column":4},"end":{"line":88,"column":null}},{"start":{},"end":{}}],"line":87},"9":{"loc":{"start":{"line":87,"column":8},"end":{"line":87,"column":89}},"type":"binary-expr","locations":[{"start":{"line":87,"column":8},"end":{"line":87,"column":65}},{"start":{"line":87,"column":65},"end":{"line":87,"column":89}}],"line":87},"10":{"loc":{"start":{"line":98,"column":28},"end":{"line":98,"column":55}},"type":"binary-expr","locations":[{"start":{"line":98,"column":28},"end":{"line":98,"column":47}},{"start":{"line":98,"column":51},"end":{"line":98,"column":55}}],"line":98},"11":{"loc":{"start":{"line":99,"column":29},"end":{"line":99,"column":58}},"type":"binary-expr","locations":[{"start":{"line":99,"column":29},"end":{"line":99,"column":49}},{"start":{"line":99,"column":53},"end":{"line":99,"column":58}}],"line":99},"12":{"loc":{"start":{"line":156,"column":4},"end":{"line":157,"column":null}},"type":"if","locations":[{"start":{"line":156,"column":4},"end":{"line":157,"column":null}},{"start":{},"end":{}}],"line":156},"13":{"loc":{"start":{"line":159,"column":4},"end":{"line":160,"column":null}},"type":"if","locations":[{"start":{"line":159,"column":4},"end":{"line":160,"column":null}},{"start":{},"end":{}}],"line":159},"14":{"loc":{"start":{"line":182,"column":6},"end":{"line":188,"column":null}},"type":"if","locations":[{"start":{"line":182,"column":6},"end":{"line":188,"column":null}},{"start":{},"end":{}}],"line":182},"15":{"loc":{"start":{"line":184,"column":64},"end":{"line":184,"column":79}},"type":"binary-expr","locations":[{"start":{"line":184,"column":64},"end":{"line":184,"column":75}},{"start":{"line":184,"column":75},"end":{"line":184,"column":79}}],"line":184},"16":{"loc":{"start":{"line":196,"column":4},"end":{"line":197,"column":null}},"type":"if","locations":[{"start":{"line":196,"column":4},"end":{"line":197,"column":null}},{"start":{},"end":{}}],"line":196},"17":{"loc":{"start":{"line":213,"column":4},"end":{"line":214,"column":null}},"type":"if","locations":[{"start":{"line":213,"column":4},"end":{"line":214,"column":null}},{"start":{},"end":{}}],"line":213},"18":{"loc":{"start":{"line":217,"column":58},"end":{"line":217,"column":73}},"type":"binary-expr","locations":[{"start":{"line":217,"column":58},"end":{"line":217,"column":69}},{"start":{"line":217,"column":69},"end":{"line":217,"column":73}}],"line":217},"19":{"loc":{"start":{"line":236,"column":6},"end":{"line":237,"column":null}},"type":"if","locations":[{"start":{"line":236,"column":6},"end":{"line":237,"column":null}},{"start":{},"end":{}}],"line":236}},"s":{"0":1,"1":1,"2":1,"3":1,"4":1,"5":1,"6":0,"7":0,"8":1,"9":0,"10":0,"11":0,"12":0,"13":0,"14":0,"15":0,"16":0,"17":0,"18":0,"19":0,"20":0,"21":1,"22":0,"23":0,"24":0,"25":0,"26":0,"27":0,"28":0,"29":0,"30":0,"31":0,"32":0,"33":0,"34":0,"35":0,"36":0,"37":0,"38":0,"39":0,"40":0,"41":0,"42":0,"43":0,"44":0,"45":1,"46":0,"47":0,"48":0,"49":0,"50":0,"51":0,"52":0,"53":0,"54":0,"55":1,"56":0,"57":0,"58":0,"59":0,"60":0,"61":0,"62":0,"63":0,"64":0,"65":0,"66":0,"67":0,"68":0,"69":0,"70":0,"71":0,"72":0,"73":0,"74":0,"75":0,"76":0,"77":0,"78":0,"79":0,"80":0,"81":0,"82":0,"83":0,"84":0,"85":0,"86":1,"87":0,"88":0,"89":0,"90":0,"91":0,"92":0,"93":0,"94":0,"95":0,"96":0,"97":0,"98":1,"99":0,"100":0,"101":0,"102":0,"103":0,"104":0,"105":0,"106":0,"107":0},"f":{"0":1,"1":0,"2":0,"3":0,"4":0,"5":0,"6":0,"7":0,"8":0,"9":0,"10":0,"11":0},"b":{"0":[0,0],"1":[0,0],"2":[0,0],"3":[0,0],"4":[0,0],"5":[0,0],"6":[0,0],"7":[0,0],"8":[0,0],"9":[0,0],"10":[0,0],"11":[0,0],"12":[0,0],"13":[0,0],"14":[0,0],"15":[0,0],"16":[0,0],"17":[0,0],"18":[0,0],"19":[0,0]},"meta":{"lastBranch":20,"lastFunction":12,"lastStatement":108,"seen":{"s:8:21:8:31":0,"s:10:0:10:Infinity":1,"s:12:0:31:Infinity":2,"f:12:24:12:31":0,"s:13:4:29:Infinity":3,"s:14:24:25:8":4,"s:26:6:26:Infinity":5,"s:28:6:28:Infinity":6,"s:29:6:29:Infinity":7,"s:34:0:59:Infinity":8,"f:34:25:34:32":1,"s:35:2:57:Infinity":9,"s:36:17:36:35":10,"s:37:17:37:43":11,"s:39:28:44:Infinity":12,"b:45:4:46:Infinity:undefined:undefined:undefined:undefined":0,"s:45:4:46:Infinity":13,"s:46:6:46:Infinity":14,"s:49:21:49:71":15,"s:51:4:51:Infinity":16,"b:53:4:54:Infinity:undefined:undefined:undefined:undefined":1,"s:53:4:54:Infinity":17,"s:54:6:54:Infinity":18,"s:56:4:56:Infinity":19,"s:57:4:57:Infinity":20,"s:62:0:93:Infinity":21,"f:62:28:62:35":2,"s:63:2:91:Infinity":22,"s:64:15:64:32":23,"s:65:17:65:35":24,"s:66:17:66:53":25,"s:68:28:68:30":26,"b:69:4:69:Infinity:undefined:undefined:undefined:undefined":2,"s:69:4:69:Infinity":27,"s:69:33:69:Infinity":28,"b:70:4:70:Infinity:undefined:undefined:undefined:undefined":3,"s:70:4:70:Infinity":29,"s:70:33:70:Infinity":30,"b:71:4:71:Infinity:undefined:undefined:undefined:undefined":4,"s:71:4:71:Infinity":31,"s:71:39:71:Infinity":32,"b:72:4:72:Infinity:undefined:undefined:undefined:undefined":5,"s:72:4:72:Infinity":33,"s:72:35:72:Infinity":34,"b:73:4:74:Infinity:undefined:undefined:undefined:undefined":6,"s:73:4:74:Infinity":35,"s:74:6:74:Infinity":36,"s:77:21:80:6":37,"s:82:4:82:Infinity":38,"b:84:4:85:Infinity:undefined:undefined:undefined:undefined":7,"s:84:4:85:Infinity":39,"s:85:6:85:Infinity":40,"b:87:4:88:Infinity:undefined:undefined:undefined:undefined":8,"s:87:4:88:Infinity":41,"b:87:8:87:65:87:65:87:89":9,"s:88:6:88:Infinity":42,"s:90:4:90:Infinity":43,"s:91:4:91:Infinity":44,"s:96:0:139:Infinity":45,"f:96:30:96:37":3,"s:97:4:137:Infinity":46,"s:98:19:98:55":47,"b:98:28:98:47:98:51:98:55":10,"s:99:20:99:58":48,"b:99:29:99:49:99:53:99:58":11,"s:100:12:100:Infinity":49,"s:102:20:106:Infinity":50,"s:108:31:124:8":51,"s:126:6:134:Infinity":52,"s:136:6:136:Infinity":53,"s:137:6:137:Infinity":54,"s:142:0:202:Infinity":55,"f:142:33:142:40":4,"s:143:2:200:Infinity":56,"s:144:21:144:38":57,"s:145:17:145:35":58,"s:146:23:146:46":59,"s:148:19:154:6":60,"b:156:4:157:Infinity:undefined:undefined:undefined:undefined":12,"s:156:4:157:Infinity":61,"s:157:6:157:Infinity":62,"b:159:4:160:Infinity:undefined:undefined:undefined:undefined":13,"s:159:4:160:Infinity":63,"s:160:6:160:Infinity":64,"s:163:22:163:Infinity":65,"s:164:23:164:60":66,"f:164:30:164:38":5,"s:164:49:164:58":67,"s:165:23:165:54":68,"s:167:26:192:Infinity":69,"f:167:52:167:59":6,"s:168:18:171:8":70,"s:173:24:173:Infinity":71,"s:174:29:179:8":72,"s:181:24:181:67":73,"f:181:39:181:45":7,"s:181:50:181:67":74,"b:182:6:188:Infinity:undefined:undefined:undefined:undefined":14,"s:182:6:188:Infinity":75,"s:183:27:183:77":76,"s:184:27:184:81":77,"f:184:38:184:46":8,"s:184:57:184:79":78,"b:184:64:184:75:184:75:184:79":15,"s:185:8:188:Infinity":79,"s:191:6:191:Infinity":80,"s:194:4:194:Infinity":81,"b:196:4:197:Infinity:undefined:undefined:undefined:undefined":16,"s:196:4:197:Infinity":82,"s:197:6:197:Infinity":83,"s:199:4:199:Infinity":84,"s:200:4:200:Infinity":85,"s:205:0:225:Infinity":86,"f:205:37:205:44":9,"s:206:2:223:Infinity":87,"s:207:19:207:40":88,"s:208:21:211:6":89,"b:213:4:214:Infinity:undefined:undefined:undefined:undefined":17,"s:213:4:214:Infinity":90,"s:214:6:214:Infinity":91,"s:217:23:217:75":92,"f:217:32:217:40":10,"s:217:51:217:73":93,"b:217:58:217:69:217:69:217:73":18,"s:218:25:218:Infinity":94,"s:220:4:220:Infinity":95,"s:222:4:222:Infinity":96,"s:223:4:223:Infinity":97,"s:227:0:242:Infinity":98,"f:227:31:227:38":11,"s:228:4:240:Infinity":99,"s:229:19:229:37":100,"s:230:28:230:63":101,"s:231:21:233:8":102,"s:234:6:234:Infinity":103,"b:236:6:237:Infinity:undefined:undefined:undefined:undefined":19,"s:236:6:237:Infinity":104,"s:237:8:237:Infinity":105,"s:239:6:239:Infinity":106,"s:240:6:240:Infinity":107}}}
,"C:\\Users\\user P\\web-course\\web-programming-course\\lessons\\lr5\\quiz-backend\\src\\routes\\auth.ts": {"path":"C:\\Users\\user P\\web-course\\web-programming-course\\lessons\\lr5\\quiz-backend\\src\\routes\\auth.ts","statementMap":{"0":{"start":{"line":7,"column":13},"end":{"line":7,"column":23}},"1":{"start":{"line":10,"column":0},"end":{"line":90,"column":null}},"2":{"start":{"line":11,"column":2},"end":{"line":88,"column":null}},"3":{"start":{"line":13,"column":17},"end":{"line":13,"column":35}},"4":{"start":{"line":14,"column":4},"end":{"line":14,"column":null}},"5":{"start":{"line":16,"column":23},"end":{"line":16,"column":59}},"6":{"start":{"line":18,"column":4},"end":{"line":22,"column":null}},"7":{"start":{"line":19,"column":6},"end":{"line":22,"column":null}},"8":{"start":{"line":25,"column":21},"end":{"line":25,"column":null}},"9":{"start":{"line":26,"column":4},"end":{"line":26,"column":null}},"10":{"start":{"line":29,"column":23},"end":{"line":29,"column":54}},"11":{"start":{"line":30,"column":4},"end":{"line":30,"column":null}},"12":{"start":{"line":33,"column":21},"end":{"line":37,"column":null}},"13":{"start":{"line":40,"column":17},"end":{"line":47,"column":6}},"14":{"start":{"line":49,"column":4},"end":{"line":49,"column":null}},"15":{"start":{"line":52,"column":20},"end":{"line":57,"column":null}},"16":{"start":{"line":59,"column":19},"end":{"line":59,"column":null}},"17":{"start":{"line":60,"column":18},"end":{"line":60,"column":45}},"18":{"start":{"line":63,"column":4},"end":{"line":72,"column":null}},"19":{"start":{"line":75,"column":4},"end":{"line":75,"column":null}},"20":{"start":{"line":77,"column":4},"end":{"line":82,"column":null}},"21":{"start":{"line":78,"column":22},"end":{"line":78,"column":null}},"22":{"start":{"line":79,"column":6},"end":{"line":82,"column":null}},"23":{"start":{"line":84,"column":4},"end":{"line":88,"column":null}},"24":{"start":{"line":93,"column":0},"end":{"line":142,"column":null}},"25":{"start":{"line":94,"column":2},"end":{"line":140,"column":null}},"26":{"start":{"line":96,"column":23},"end":{"line":96,"column":52}},"27":{"start":{"line":98,"column":4},"end":{"line":103,"column":null}},"28":{"start":{"line":99,"column":6},"end":{"line":103,"column":null}},"29":{"start":{"line":106,"column":18},"end":{"line":106,"column":null}},"30":{"start":{"line":107,"column":19},"end":{"line":107,"column":null}},"31":{"start":{"line":109,"column":20},"end":{"line":109,"column":56}},"32":{"start":{"line":112,"column":17},"end":{"line":114,"column":6}},"33":{"start":{"line":116,"column":4},"end":{"line":120,"column":null}},"34":{"start":{"line":117,"column":6},"end":{"line":120,"column":null}},"35":{"start":{"line":124,"column":4},"end":{"line":132,"column":null}},"36":{"start":{"line":136,"column":4},"end":{"line":140,"column":null}}},"fnMap":{"0":{"name":"(anonymous_0)","decl":{"start":{"line":10,"column":30},"end":{"line":10,"column":37}},"loc":{"start":{"line":10,"column":43},"end":{"line":90,"column":null}},"line":10},"1":{"name":"(anonymous_1)","decl":{"start":{"line":93,"column":16},"end":{"line":93,"column":23}},"loc":{"start":{"line":93,"column":29},"end":{"line":142,"column":null}},"line":93}},"branchMap":{"0":{"loc":{"start":{"line":18,"column":4},"end":{"line":22,"column":null}},"type":"if","locations":[{"start":{"line":18,"column":4},"end":{"line":22,"column":null}},{"start":{},"end":{}}],"line":18},"1":{"loc":{"start":{"line":35,"column":12},"end":{"line":35,"column":null}},"type":"binary-expr","locations":[{"start":{"line":35,"column":12},"end":{"line":35,"column":31}},{"start":{"line":35,"column":31},"end":{"line":35,"column":null}}],"line":35},"2":{"loc":{"start":{"line":36,"column":13},"end":{"line":36,"column":null}},"type":"binary-expr","locations":[{"start":{"line":36,"column":13},"end":{"line":36,"column":33}},{"start":{"line":36,"column":33},"end":{"line":36,"column":null}}],"line":36},"3":{"loc":{"start":{"line":59,"column":19},"end":{"line":59,"column":null}},"type":"binary-expr","locations":[{"start":{"line":59,"column":19},"end":{"line":59,"column":45}},{"start":{"line":59,"column":45},"end":{"line":59,"column":null}}],"line":59},"4":{"loc":{"start":{"line":77,"column":4},"end":{"line":82,"column":null}},"type":"if","locations":[{"start":{"line":77,"column":4},"end":{"line":82,"column":null}},{"start":{},"end":{}}],"line":77},"5":{"loc":{"start":{"line":77,"column":8},"end":{"line":77,"column":57}},"type":"binary-expr","locations":[{"start":{"line":77,"column":8},"end":{"line":77,"column":34}},{"start":{"line":77,"column":34},"end":{"line":77,"column":57}}],"line":77},"6":{"loc":{"start":{"line":82,"column":9},"end":{"line":82,"column":35}},"type":"binary-expr","locations":[{"start":{"line":82,"column":9},"end":{"line":82,"column":31}},{"start":{"line":82,"column":31},"end":{"line":82,"column":35}}],"line":82},"7":{"loc":{"start":{"line":87,"column":15},"end":{"line":87,"column":null}},"type":"cond-expr","locations":[{"start":{"line":87,"column":40},"end":{"line":87,"column":56}},{"start":{"line":87,"column":56},"end":{"line":87,"column":null}}],"line":87},"8":{"loc":{"start":{"line":98,"column":4},"end":{"line":103,"column":null}},"type":"if","locations":[{"start":{"line":98,"column":4},"end":{"line":103,"column":null}},{"start":{},"end":{}}],"line":98},"9":{"loc":{"start":{"line":98,"column":8},"end":{"line":98,"column":56}},"type":"binary-expr","locations":[{"start":{"line":98,"column":8},"end":{"line":98,"column":23}},{"start":{"line":98,"column":23},"end":{"line":98,"column":56}}],"line":98},"10":{"loc":{"start":{"line":107,"column":19},"end":{"line":107,"column":null}},"type":"binary-expr","locations":[{"start":{"line":107,"column":19},"end":{"line":107,"column":45}},{"start":{"line":107,"column":45},"end":{"line":107,"column":null}}],"line":107},"11":{"loc":{"start":{"line":116,"column":4},"end":{"line":120,"column":null}},"type":"if","locations":[{"start":{"line":116,"column":4},"end":{"line":120,"column":null}},{"start":{},"end":{}}],"line":116}},"s":{"0":3,"1":3,"2":6,"3":6,"4":6,"5":6,"6":6,"7":1,"8":5,"9":5,"10":5,"11":5,"12":5,"13":6,"14":5,"15":5,"16":5,"17":6,"18":5,"19":0,"20":0,"21":0,"22":0,"23":0,"24":3,"25":2,"26":2,"27":2,"28":0,"29":2,"30":2,"31":2,"32":1,"33":1,"34":0,"35":1,"36":1},"f":{"0":6,"1":2},"b":{"0":[1,5],"1":[5,0],"2":[6,0],"3":[5,0],"4":[0,0],"5":[0,0],"6":[0,0],"7":[0,0],"8":[0,2],"9":[2,2],"10":[2,0],"11":[0,1]},"meta":{"lastBranch":12,"lastFunction":2,"lastStatement":37,"seen":{"s:7:13:7:23":0,"s:10:0:90:Infinity":1,"f:10:30:10:37":0,"s:11:2:88:Infinity":2,"s:13:17:13:35":3,"s:14:4:14:Infinity":4,"s:16:23:16:59":5,"b:18:4:22:Infinity:undefined:undefined:undefined:undefined":0,"s:18:4:22:Infinity":6,"s:19:6:22:Infinity":7,"s:25:21:25:Infinity":8,"s:26:4:26:Infinity":9,"s:29:23:29:54":10,"s:30:4:30:Infinity":11,"s:33:21:37:Infinity":12,"b:35:12:35:31:35:31:35:Infinity":1,"b:36:13:36:33:36:33:36:Infinity":2,"s:40:17:47:6":13,"s:49:4:49:Infinity":14,"s:52:20:57:Infinity":15,"s:59:19:59:Infinity":16,"b:59:19:59:45:59:45:59:Infinity":3,"s:60:18:60:45":17,"s:63:4:72:Infinity":18,"s:75:4:75:Infinity":19,"b:77:4:82:Infinity:undefined:undefined:undefined:undefined":4,"s:77:4:82:Infinity":20,"b:77:8:77:34:77:34:77:57":5,"s:78:22:78:Infinity":21,"s:79:6:82:Infinity":22,"b:82:9:82:31:82:31:82:35":6,"s:84:4:88:Infinity":23,"b:87:40:87:56:87:56:87:Infinity":7,"s:93:0:142:Infinity":24,"f:93:16:93:23":1,"s:94:2:140:Infinity":25,"s:96:23:96:52":26,"b:98:4:103:Infinity:undefined:undefined:undefined:undefined":8,"s:98:4:103:Infinity":27,"b:98:8:98:23:98:23:98:56":9,"s:99:6:103:Infinity":28,"s:106:18:106:Infinity":29,"s:107:19:107:Infinity":30,"b:107:19:107:45:107:45:107:Infinity":10,"s:109:20:109:56":31,"s:112:17:114:6":32,"b:116:4:120:Infinity:undefined:undefined:undefined:undefined":11,"s:116:4:120:Infinity":33,"s:117:6:120:Infinity":34,"s:124:4:132:Infinity":35,"s:136:4:140:Infinity":36}}}
,"C:\\Users\\user P\\web-course\\web-programming-course\\lessons\\lr5\\quiz-backend\\src\\routes\\sessions.ts": {"path":"C:\\Users\\user P\\web-course\\web-programming-course\\lessons\\lr5\\quiz-backend\\src\\routes\\sessions.ts","statementMap":{"0":{"start":{"line":8,"column":24},"end":{"line":8,"column":34}},"1":{"start":{"line":19,"column":4},"end":{"line":19,"column":null}},"2":{"start":{"line":17,"column":20},"end":{"line":17,"column":null}},"3":{"start":{"line":20,"column":4},"end":{"line":20,"column":null}},"4":{"start":{"line":25,"column":20},"end":{"line":25,"column":null}},"5":{"start":{"line":26,"column":2},"end":{"line":27,"column":null}},"6":{"start":{"line":27,"column":4},"end":{"line":27,"column":null}},"7":{"start":{"line":30,"column":2},"end":{"line":31,"column":null}},"8":{"start":{"line":31,"column":4},"end":{"line":31,"column":null}},"9":{"start":{"line":34,"column":16},"end":{"line":34,"column":60}},"10":{"start":{"line":35,"column":2},"end":{"line":36,"column":null}},"11":{"start":{"line":36,"column":4},"end":{"line":36,"column":null}},"12":{"start":{"line":40,"column":2},"end":{"line":43,"column":null}},"13":{"start":{"line":41,"column":4},"end":{"line":41,"column":null}},"14":{"start":{"line":43,"column":4},"end":{"line":43,"column":null}},"15":{"start":{"line":46,"column":17},"end":{"line":46,"column":null}},"16":{"start":{"line":47,"column":2},"end":{"line":48,"column":null}},"17":{"start":{"line":48,"column":4},"end":{"line":48,"column":null}},"18":{"start":{"line":51,"column":2},"end":{"line":51,"column":null}},"19":{"start":{"line":55,"column":0},"end":{"line":84,"column":null}},"20":{"start":{"line":56,"column":2},"end":{"line":82,"column":null}},"21":{"start":{"line":57,"column":26},"end":{"line":57,"column":55}},"22":{"start":{"line":58,"column":28},"end":{"line":58,"column":60}},"23":{"start":{"line":61,"column":20},"end":{"line":61,"column":22}},"24":{"start":{"line":62,"column":4},"end":{"line":64,"column":null}},"25":{"start":{"line":63,"column":6},"end":{"line":63,"column":null}},"26":{"start":{"line":68,"column":53},"end":{"line":68,"column":null}},"27":{"start":{"line":71,"column":24},"end":{"line":71,"column":95}},"28":{"start":{"line":73,"column":4},"end":{"line":73,"column":null}},"29":{"start":{"line":75,"column":4},"end":{"line":76,"column":null}},"30":{"start":{"line":76,"column":6},"end":{"line":76,"column":null}},"31":{"start":{"line":78,"column":4},"end":{"line":79,"column":null}},"32":{"start":{"line":79,"column":6},"end":{"line":79,"column":null}},"33":{"start":{"line":81,"column":4},"end":{"line":81,"column":null}},"34":{"start":{"line":82,"column":4},"end":{"line":82,"column":null}},"35":{"start":{"line":87,"column":0},"end":{"line":127,"column":null}},"36":{"start":{"line":88,"column":2},"end":{"line":125,"column":null}},"37":{"start":{"line":89,"column":26},"end":{"line":89,"column":55}},"38":{"start":{"line":90,"column":28},"end":{"line":90,"column":60}},"39":{"start":{"line":91,"column":19},"end":{"line":91,"column":60}},"40":{"start":{"line":94,"column":20},"end":{"line":97,"column":6}},"41":{"start":{"line":99,"column":4},"end":{"line":100,"column":null}},"42":{"start":{"line":100,"column":6},"end":{"line":100,"column":null}},"43":{"start":{"line":102,"column":4},"end":{"line":103,"column":null}},"44":{"start":{"line":103,"column":6},"end":{"line":103,"column":null}},"45":{"start":{"line":106,"column":17},"end":{"line":106,"column":35}},"46":{"start":{"line":107,"column":17},"end":{"line":110,"column":6}},"47":{"start":{"line":112,"column":19},"end":{"line":112,"column":90}},"48":{"start":{"line":113,"column":4},"end":{"line":113,"column":null}},"49":{"start":{"line":115,"column":4},"end":{"line":116,"column":null}},"50":{"start":{"line":116,"column":6},"end":{"line":116,"column":null}},"51":{"start":{"line":118,"column":4},"end":{"line":119,"column":null}},"52":{"start":{"line":119,"column":6},"end":{"line":119,"column":null}},"53":{"start":{"line":121,"column":4},"end":{"line":122,"column":null}},"54":{"start":{"line":122,"column":6},"end":{"line":122,"column":null}},"55":{"start":{"line":124,"column":4},"end":{"line":124,"column":null}},"56":{"start":{"line":125,"column":4},"end":{"line":125,"column":null}},"57":{"start":{"line":130,"column":0},"end":{"line":165,"column":null}},"58":{"start":{"line":131,"column":2},"end":{"line":163,"column":null}},"59":{"start":{"line":132,"column":26},"end":{"line":132,"column":55}},"60":{"start":{"line":133,"column":28},"end":{"line":133,"column":60}},"61":{"start":{"line":134,"column":19},"end":{"line":134,"column":60}},"62":{"start":{"line":136,"column":20},"end":{"line":145,"column":6}},"63":{"start":{"line":147,"column":4},"end":{"line":148,"column":null}},"64":{"start":{"line":148,"column":6},"end":{"line":148,"column":null}},"65":{"start":{"line":150,"column":4},"end":{"line":151,"column":null}},"66":{"start":{"line":151,"column":6},"end":{"line":151,"column":null}},"67":{"start":{"line":154,"column":4},"end":{"line":154,"column":null}},"68":{"start":{"line":156,"column":4},"end":{"line":157,"column":null}},"69":{"start":{"line":157,"column":6},"end":{"line":157,"column":null}},"70":{"start":{"line":159,"column":4},"end":{"line":160,"column":null}},"71":{"start":{"line":160,"column":6},"end":{"line":160,"column":null}},"72":{"start":{"line":162,"column":4},"end":{"line":162,"column":null}},"73":{"start":{"line":163,"column":4},"end":{"line":163,"column":null}},"74":{"start":{"line":168,"column":0},"end":{"line":201,"column":null}},"75":{"start":{"line":169,"column":2},"end":{"line":199,"column":null}},"76":{"start":{"line":170,"column":26},"end":{"line":170,"column":55}},"77":{"start":{"line":171,"column":28},"end":{"line":171,"column":60}},"78":{"start":{"line":172,"column":19},"end":{"line":172,"column":60}},"79":{"start":{"line":174,"column":20},"end":{"line":177,"column":6}},"80":{"start":{"line":179,"column":4},"end":{"line":180,"column":null}},"81":{"start":{"line":180,"column":6},"end":{"line":180,"column":null}},"82":{"start":{"line":182,"column":4},"end":{"line":183,"column":null}},"83":{"start":{"line":183,"column":6},"end":{"line":183,"column":null}},"84":{"start":{"line":186,"column":29},"end":{"line":186,"column":67}},"85":{"start":{"line":187,"column":4},"end":{"line":187,"column":null}},"86":{"start":{"line":189,"column":4},"end":{"line":190,"column":null}},"87":{"start":{"line":190,"column":6},"end":{"line":190,"column":null}},"88":{"start":{"line":192,"column":4},"end":{"line":193,"column":null}},"89":{"start":{"line":193,"column":6},"end":{"line":193,"column":null}},"90":{"start":{"line":195,"column":4},"end":{"line":196,"column":null}},"91":{"start":{"line":196,"column":6},"end":{"line":196,"column":null}},"92":{"start":{"line":198,"column":4},"end":{"line":198,"column":null}},"93":{"start":{"line":199,"column":4},"end":{"line":199,"column":null}}},"fnMap":{"0":{"name":"(anonymous_0)","decl":{"start":{"line":15,"column":2},"end":{"line":15,"column":null}},"loc":{"start":{"line":18,"column":4},"end":{"line":20,"column":null}},"line":18},"1":{"name":"verifyToken","decl":{"start":{"line":24,"column":15},"end":{"line":24,"column":27}},"loc":{"start":{"line":24,"column":83},"end":{"line":51,"column":null}},"line":24},"2":{"name":"(anonymous_2)","decl":{"start":{"line":55,"column":19},"end":{"line":55,"column":26}},"loc":{"start":{"line":55,"column":32},"end":{"line":84,"column":null}},"line":55},"3":{"name":"(anonymous_3)","decl":{"start":{"line":87,"column":30},"end":{"line":87,"column":37}},"loc":{"start":{"line":87,"column":43},"end":{"line":127,"column":null}},"line":87},"4":{"name":"(anonymous_4)","decl":{"start":{"line":130,"column":21},"end":{"line":130,"column":28}},"loc":{"start":{"line":130,"column":34},"end":{"line":165,"column":null}},"line":130},"5":{"name":"(anonymous_5)","decl":{"start":{"line":168,"column":29},"end":{"line":168,"column":36}},"loc":{"start":{"line":168,"column":42},"end":{"line":201,"column":null}},"line":168}},"branchMap":{"0":{"loc":{"start":{"line":26,"column":2},"end":{"line":27,"column":null}},"type":"if","locations":[{"start":{"line":26,"column":2},"end":{"line":27,"column":null}},{"start":{},"end":{}}],"line":26},"1":{"loc":{"start":{"line":30,"column":2},"end":{"line":31,"column":null}},"type":"if","locations":[{"start":{"line":30,"column":2},"end":{"line":31,"column":null}},{"start":{},"end":{}}],"line":30},"2":{"loc":{"start":{"line":35,"column":2},"end":{"line":36,"column":null}},"type":"if","locations":[{"start":{"line":35,"column":2},"end":{"line":36,"column":null}},{"start":{},"end":{}}],"line":35},"3":{"loc":{"start":{"line":46,"column":17},"end":{"line":46,"column":null}},"type":"cond-expr","locations":[{"start":{"line":46,"column":51},"end":{"line":46,"column":65}},{"start":{"line":46,"column":65},"end":{"line":46,"column":null}}],"line":46},"4":{"loc":{"start":{"line":47,"column":2},"end":{"line":48,"column":null}},"type":"if","locations":[{"start":{"line":47,"column":2},"end":{"line":48,"column":null}},{"start":{},"end":{}}],"line":47},"5":{"loc":{"start":{"line":68,"column":12},"end":{"line":68,"column":31}},"type":"default-arg","locations":[{"start":{"line":68,"column":19},"end":{"line":68,"column":31}}],"line":68},"6":{"loc":{"start":{"line":75,"column":4},"end":{"line":76,"column":null}},"type":"if","locations":[{"start":{"line":75,"column":4},"end":{"line":76,"column":null}},{"start":{},"end":{}}],"line":75},"7":{"loc":{"start":{"line":78,"column":4},"end":{"line":79,"column":null}},"type":"if","locations":[{"start":{"line":78,"column":4},"end":{"line":79,"column":null}},{"start":{},"end":{}}],"line":78},"8":{"loc":{"start":{"line":99,"column":4},"end":{"line":100,"column":null}},"type":"if","locations":[{"start":{"line":99,"column":4},"end":{"line":100,"column":null}},{"start":{},"end":{}}],"line":99},"9":{"loc":{"start":{"line":102,"column":4},"end":{"line":103,"column":null}},"type":"if","locations":[{"start":{"line":102,"column":4},"end":{"line":103,"column":null}},{"start":{},"end":{}}],"line":102},"10":{"loc":{"start":{"line":115,"column":4},"end":{"line":116,"column":null}},"type":"if","locations":[{"start":{"line":115,"column":4},"end":{"line":116,"column":null}},{"start":{},"end":{}}],"line":115},"11":{"loc":{"start":{"line":118,"column":4},"end":{"line":119,"column":null}},"type":"if","locations":[{"start":{"line":118,"column":4},"end":{"line":119,"column":null}},{"start":{},"end":{}}],"line":118},"12":{"loc":{"start":{"line":121,"column":4},"end":{"line":122,"column":null}},"type":"if","locations":[{"start":{"line":121,"column":4},"end":{"line":122,"column":null}},{"start":{},"end":{}}],"line":121},"13":{"loc":{"start":{"line":147,"column":4},"end":{"line":148,"column":null}},"type":"if","locations":[{"start":{"line":147,"column":4},"end":{"line":148,"column":null}},{"start":{},"end":{}}],"line":147},"14":{"loc":{"start":{"line":150,"column":4},"end":{"line":151,"column":null}},"type":"if","locations":[{"start":{"line":150,"column":4},"end":{"line":151,"column":null}},{"start":{},"end":{}}],"line":150},"15":{"loc":{"start":{"line":156,"column":4},"end":{"line":157,"column":null}},"type":"if","locations":[{"start":{"line":156,"column":4},"end":{"line":157,"column":null}},{"start":{},"end":{}}],"line":156},"16":{"loc":{"start":{"line":159,"column":4},"end":{"line":160,"column":null}},"type":"if","locations":[{"start":{"line":159,"column":4},"end":{"line":160,"column":null}},{"start":{},"end":{}}],"line":159},"17":{"loc":{"start":{"line":179,"column":4},"end":{"line":180,"column":null}},"type":"if","locations":[{"start":{"line":179,"column":4},"end":{"line":180,"column":null}},{"start":{},"end":{}}],"line":179},"18":{"loc":{"start":{"line":182,"column":4},"end":{"line":183,"column":null}},"type":"if","locations":[{"start":{"line":182,"column":4},"end":{"line":183,"column":null}},{"start":{},"end":{}}],"line":182},"19":{"loc":{"start":{"line":189,"column":4},"end":{"line":190,"column":null}},"type":"if","locations":[{"start":{"line":189,"column":4},"end":{"line":190,"column":null}},{"start":{},"end":{}}],"line":189},"20":{"loc":{"start":{"line":192,"column":4},"end":{"line":193,"column":null}},"type":"if","locations":[{"start":{"line":192,"column":4},"end":{"line":193,"column":null}},{"start":{},"end":{}}],"line":192},"21":{"loc":{"start":{"line":195,"column":4},"end":{"line":196,"column":null}},"type":"if","locations":[{"start":{"line":195,"column":4},"end":{"line":196,"column":null}},{"start":{},"end":{}}],"line":195}},"s":{"0":1,"1":0,"2":0,"3":0,"4":6,"5":6,"6":0,"7":6,"8":0,"9":6,"10":6,"11":0,"12":6,"13":6,"14":0,"15":6,"16":6,"17":0,"18":6,"19":1,"20":3,"21":3,"22":3,"23":3,"24":3,"25":3,"26":3,"27":3,"28":3,"29":0,"30":0,"31":0,"32":0,"33":0,"34":0,"35":1,"36":2,"37":2,"38":2,"39":2,"40":2,"41":2,"42":0,"43":2,"44":0,"45":2,"46":2,"47":2,"48":2,"49":0,"50":0,"51":0,"52":0,"53":0,"54":0,"55":0,"56":0,"57":1,"58":0,"59":0,"60":0,"61":0,"62":0,"63":0,"64":0,"65":0,"66":0,"67":0,"68":0,"69":0,"70":0,"71":0,"72":0,"73":0,"74":1,"75":1,"76":1,"77":1,"78":1,"79":1,"80":1,"81":0,"82":1,"83":0,"84":1,"85":1,"86":0,"87":0,"88":0,"89":0,"90":0,"91":0,"92":0,"93":0},"f":{"0":0,"1":6,"2":3,"3":2,"4":0,"5":1},"b":{"0":[0,6],"1":[0,6],"2":[0,6],"3":[6,0],"4":[0,6],"5":[3],"6":[0,0],"7":[0,0],"8":[0,2],"9":[0,2],"10":[0,0],"11":[0,0],"12":[0,0],"13":[0,0],"14":[0,0],"15":[0,0],"16":[0,0],"17":[0,1],"18":[0,1],"19":[0,0],"20":[0,0],"21":[0,0]},"meta":{"lastBranch":22,"lastFunction":6,"lastStatement":94,"seen":{"s:8:24:8:34":0,"f:15:2:15:Infinity":0,"s:19:4:19:Infinity":1,"s:17:20:17:Infinity":2,"s:20:4:20:Infinity":3,"f:24:15:24:27":1,"s:25:20:25:Infinity":4,"b:26:2:27:Infinity:undefined:undefined:undefined:undefined":0,"s:26:2:27:Infinity":5,"s:27:4:27:Infinity":6,"b:30:2:31:Infinity:undefined:undefined:undefined:undefined":1,"s:30:2:31:Infinity":7,"s:31:4:31:Infinity":8,"s:34:16:34:60":9,"b:35:2:36:Infinity:undefined:undefined:undefined:undefined":2,"s:35:2:36:Infinity":10,"s:36:4:36:Infinity":11,"s:40:2:43:Infinity":12,"s:41:4:41:Infinity":13,"s:43:4:43:Infinity":14,"s:46:17:46:Infinity":15,"b:46:51:46:65:46:65:46:Infinity":3,"b:47:2:48:Infinity:undefined:undefined:undefined:undefined":4,"s:47:2:48:Infinity":16,"s:48:4:48:Infinity":17,"s:51:2:51:Infinity":18,"s:55:0:84:Infinity":19,"f:55:19:55:26":2,"s:56:2:82:Infinity":20,"s:57:26:57:55":21,"s:58:28:58:60":22,"s:61:20:61:22":23,"s:62:4:64:Infinity":24,"s:63:6:63:Infinity":25,"s:68:53:68:Infinity":26,"b:68:19:68:31":5,"s:71:24:71:95":27,"s:73:4:73:Infinity":28,"b:75:4:76:Infinity:undefined:undefined:undefined:undefined":6,"s:75:4:76:Infinity":29,"s:76:6:76:Infinity":30,"b:78:4:79:Infinity:undefined:undefined:undefined:undefined":7,"s:78:4:79:Infinity":31,"s:79:6:79:Infinity":32,"s:81:4:81:Infinity":33,"s:82:4:82:Infinity":34,"s:87:0:127:Infinity":35,"f:87:30:87:37":3,"s:88:2:125:Infinity":36,"s:89:26:89:55":37,"s:90:28:90:60":38,"s:91:19:91:60":39,"s:94:20:97:6":40,"b:99:4:100:Infinity:undefined:undefined:undefined:undefined":8,"s:99:4:100:Infinity":41,"s:100:6:100:Infinity":42,"b:102:4:103:Infinity:undefined:undefined:undefined:undefined":9,"s:102:4:103:Infinity":43,"s:103:6:103:Infinity":44,"s:106:17:106:35":45,"s:107:17:110:6":46,"s:112:19:112:90":47,"s:113:4:113:Infinity":48,"b:115:4:116:Infinity:undefined:undefined:undefined:undefined":10,"s:115:4:116:Infinity":49,"s:116:6:116:Infinity":50,"b:118:4:119:Infinity:undefined:undefined:undefined:undefined":11,"s:118:4:119:Infinity":51,"s:119:6:119:Infinity":52,"b:121:4:122:Infinity:undefined:undefined:undefined:undefined":12,"s:121:4:122:Infinity":53,"s:122:6:122:Infinity":54,"s:124:4:124:Infinity":55,"s:125:4:125:Infinity":56,"s:130:0:165:Infinity":57,"f:130:21:130:28":4,"s:131:2:163:Infinity":58,"s:132:26:132:55":59,"s:133:28:133:60":60,"s:134:19:134:60":61,"s:136:20:145:6":62,"b:147:4:148:Infinity:undefined:undefined:undefined:undefined":13,"s:147:4:148:Infinity":63,"s:148:6:148:Infinity":64,"b:150:4:151:Infinity:undefined:undefined:undefined:undefined":14,"s:150:4:151:Infinity":65,"s:151:6:151:Infinity":66,"s:154:4:154:Infinity":67,"b:156:4:157:Infinity:undefined:undefined:undefined:undefined":15,"s:156:4:157:Infinity":68,"s:157:6:157:Infinity":69,"b:159:4:160:Infinity:undefined:undefined:undefined:undefined":16,"s:159:4:160:Infinity":70,"s:160:6:160:Infinity":71,"s:162:4:162:Infinity":72,"s:163:4:163:Infinity":73,"s:168:0:201:Infinity":74,"f:168:29:168:36":5,"s:169:2:199:Infinity":75,"s:170:26:170:55":76,"s:171:28:171:60":77,"s:172:19:172:60":78,"s:174:20:177:6":79,"b:179:4:180:Infinity:undefined:undefined:undefined:undefined":17,"s:179:4:180:Infinity":80,"s:180:6:180:Infinity":81,"b:182:4:183:Infinity:undefined:undefined:undefined:undefined":18,"s:182:4:183:Infinity":82,"s:183:6:183:Infinity":83,"s:186:29:186:67":84,"s:187:4:187:Infinity":85,"b:189:4:190:Infinity:undefined:undefined:undefined:undefined":19,"s:189:4:190:Infinity":86,"s:190:6:190:Infinity":87,"b:192:4:193:Infinity:undefined:undefined:undefined:undefined":20,"s:192:4:193:Infinity":88,"s:193:6:193:Infinity":89,"b:195:4:196:Infinity:undefined:undefined:undefined:undefined":21,"s:195:4:196:Infinity":90,"s:196:6:196:Infinity":91,"s:198:4:198:Infinity":92,"s:199:4:199:Infinity":93}}}
,"C:\\Users\\user P\\web-course\\web-programming-course\\lessons\\lr5\\quiz-backend\\src\\services\\github.ts": {"path":"C:\\Users\\user P\\web-course\\web-programming-course\\lessons\\lr5\\quiz-backend\\src\\services\\github.ts","statementMap":{"0":{"start":{"line":33,"column":6},"end":{"line":33,"column":null}},"1":{"start":{"line":31,"column":22},"end":{"line":31,"column":null}},"2":{"start":{"line":34,"column":6},"end":{"line":34,"column":null}},"3":{"start":{"line":39,"column":21},"end":{"line":39,"column":null}},"4":{"start":{"line":40,"column":25},"end":{"line":40,"column":null}},"5":{"start":{"line":42,"column":4},"end":{"line":43,"column":null}},"6":{"start":{"line":43,"column":6},"end":{"line":43,"column":null}},"7":{"start":{"line":46,"column":26},"end":{"line":59,"column":null}},"8":{"start":{"line":62,"column":23},"end":{"line":62,"column":49}},"9":{"start":{"line":64,"column":4},"end":{"line":65,"column":null}},"10":{"start":{"line":65,"column":6},"end":{"line":65,"column":null}},"11":{"start":{"line":68,"column":4},"end":{"line":68,"column":null}},"12":{"start":{"line":72,"column":25},"end":{"line":77,"column":6}},"13":{"start":{"line":79,"column":24},"end":{"line":79,"column":49}},"14":{"start":{"line":81,"column":4},"end":{"line":82,"column":null}},"15":{"start":{"line":82,"column":6},"end":{"line":82,"column":null}},"16":{"start":{"line":85,"column":4},"end":{"line":89,"column":null}},"17":{"start":{"line":94,"column":4},"end":{"line":94,"column":null}},"18":{"start":{"line":95,"column":4},"end":{"line":95,"column":null}},"19":{"start":{"line":96,"column":4},"end":{"line":97,"column":null}},"20":{"start":{"line":97,"column":6},"end":{"line":97,"column":null}},"21":{"start":{"line":99,"column":4},"end":{"line":112,"column":null}},"22":{"start":{"line":101,"column":6},"end":{"line":102,"column":null}},"23":{"start":{"line":102,"column":8},"end":{"line":102,"column":null}},"24":{"start":{"line":104,"column":6},"end":{"line":105,"column":null}},"25":{"start":{"line":105,"column":8},"end":{"line":105,"column":null}},"26":{"start":{"line":108,"column":6},"end":{"line":112,"column":null}},"27":{"start":{"line":116,"column":24},"end":{"line":116,"column":62}},"28":{"start":{"line":117,"column":4},"end":{"line":117,"column":null}}},"fnMap":{"0":{"name":"(anonymous_0)","decl":{"start":{"line":29,"column":4},"end":{"line":29,"column":null}},"loc":{"start":{"line":32,"column":6},"end":{"line":34,"column":null}},"line":32},"1":{"name":"exchangeCodeForAccessToken","decl":{"start":{"line":38,"column":17},"end":{"line":38,"column":44}},"loc":{"start":{"line":38,"column":75},"end":{"line":68,"column":null}},"line":38},"2":{"name":"getGitHubUser","decl":{"start":{"line":71,"column":17},"end":{"line":71,"column":31}},"loc":{"start":{"line":71,"column":73},"end":{"line":89,"column":null}},"line":71},"3":{"name":"getGitHubUserByCode","decl":{"start":{"line":92,"column":24},"end":{"line":92,"column":44}},"loc":{"start":{"line":92,"column":79},"end":{"line":117,"column":null}},"line":92}},"branchMap":{"0":{"loc":{"start":{"line":42,"column":4},"end":{"line":43,"column":null}},"type":"if","locations":[{"start":{"line":42,"column":4},"end":{"line":43,"column":null}},{"start":{},"end":{}}],"line":42},"1":{"loc":{"start":{"line":42,"column":8},"end":{"line":42,"column":36}},"type":"binary-expr","locations":[{"start":{"line":42,"column":8},"end":{"line":42,"column":21}},{"start":{"line":42,"column":21},"end":{"line":42,"column":36}}],"line":42},"2":{"loc":{"start":{"line":64,"column":4},"end":{"line":65,"column":null}},"type":"if","locations":[{"start":{"line":64,"column":4},"end":{"line":65,"column":null}},{"start":{},"end":{}}],"line":64},"3":{"loc":{"start":{"line":81,"column":4},"end":{"line":82,"column":null}},"type":"if","locations":[{"start":{"line":81,"column":4},"end":{"line":82,"column":null}},{"start":{},"end":{}}],"line":81},"4":{"loc":{"start":{"line":96,"column":4},"end":{"line":97,"column":null}},"type":"if","locations":[{"start":{"line":96,"column":4},"end":{"line":97,"column":null}},{"start":{},"end":{}}],"line":96},"5":{"loc":{"start":{"line":99,"column":4},"end":{"line":112,"column":null}},"type":"if","locations":[{"start":{"line":99,"column":4},"end":{"line":112,"column":null}},{"start":{},"end":{}}],"line":99},"6":{"loc":{"start":{"line":101,"column":6},"end":{"line":102,"column":null}},"type":"if","locations":[{"start":{"line":101,"column":6},"end":{"line":102,"column":null}},{"start":{},"end":{}}],"line":101},"7":{"loc":{"start":{"line":104,"column":6},"end":{"line":105,"column":null}},"type":"if","locations":[{"start":{"line":104,"column":6},"end":{"line":105,"column":null}},{"start":{},"end":{}}],"line":104}},"s":{"0":0,"1":0,"2":0,"3":0,"4":0,"5":0,"6":0,"7":0,"8":0,"9":0,"10":0,"11":0,"12":0,"13":0,"14":0,"15":0,"16":0,"17":5,"18":5,"19":5,"20":1,"21":4,"22":4,"23":4,"24":0,"25":0,"26":0,"27":0,"28":0},"f":{"0":0,"1":0,"2":0,"3":5},"b":{"0":[0,0],"1":[0,0],"2":[0,0],"3":[0,0],"4":[1,4],"5":[4,0],"6":[4,0],"7":[0,0]},"meta":{"lastBranch":8,"lastFunction":4,"lastStatement":29,"seen":{"f:29:4:29:Infinity":0,"s:33:6:33:Infinity":0,"s:31:22:31:Infinity":1,"s:34:6:34:Infinity":2,"f:38:17:38:44":1,"s:39:21:39:Infinity":3,"s:40:25:40:Infinity":4,"b:42:4:43:Infinity:undefined:undefined:undefined:undefined":0,"s:42:4:43:Infinity":5,"b:42:8:42:21:42:21:42:36":1,"s:43:6:43:Infinity":6,"s:46:26:59:Infinity":7,"s:62:23:62:49":8,"b:64:4:65:Infinity:undefined:undefined:undefined:undefined":2,"s:64:4:65:Infinity":9,"s:65:6:65:Infinity":10,"s:68:4:68:Infinity":11,"f:71:17:71:31":2,"s:72:25:77:6":12,"s:79:24:79:49":13,"b:81:4:82:Infinity:undefined:undefined:undefined:undefined":3,"s:81:4:82:Infinity":14,"s:82:6:82:Infinity":15,"s:85:4:89:Infinity":16,"f:92:24:92:44":3,"s:94:4:94:Infinity":17,"s:95:4:95:Infinity":18,"b:96:4:97:Infinity:undefined:undefined:undefined:undefined":4,"s:96:4:97:Infinity":19,"s:97:6:97:Infinity":20,"b:99:4:112:Infinity:undefined:undefined:undefined:undefined":5,"s:99:4:112:Infinity":21,"b:101:6:102:Infinity:undefined:undefined:undefined:undefined":6,"s:101:6:102:Infinity":22,"s:102:8:102:Infinity":23,"b:104:6:105:Infinity:undefined:undefined:undefined:undefined":7,"s:104:6:105:Infinity":24,"s:105:8:105:Infinity":25,"s:108:6:112:Infinity":26,"s:116:24:116:62":27,"s:117:4:117:Infinity":28}}}
,"C:\\Users\\user P\\web-course\\web-programming-course\\lessons\\lr5\\quiz-backend\\src\\services\\scoringService.ts": {"path":"C:\\Users\\user P\\web-course\\web-programming-course\\lessons\\lr5\\quiz-backend\\src\\services\\scoringService.ts","statementMap":{"0":{"start":{"line":10,"column":20},"end":{"line":10,"column":null}},"1":{"start":{"line":11,"column":33},"end":{"line":11,"column":52}},"2":{"start":{"line":13,"column":8},"end":{"line":21,"column":null}},"3":{"start":{"line":14,"column":24},"end":{"line":14,"column":53}},"4":{"start":{"line":15,"column":10},"end":{"line":21,"column":null}},"5":{"start":{"line":17,"column":12},"end":{"line":17,"column":null}},"6":{"start":{"line":18,"column":12},"end":{"line":18,"column":null}},"7":{"start":{"line":21,"column":12},"end":{"line":21,"column":null}},"8":{"start":{"line":24,"column":8},"end":{"line":24,"column":null}},"9":{"start":{"line":34,"column":6},"end":{"line":35,"column":null}},"10":{"start":{"line":35,"column":8},"end":{"line":35,"column":null}},"11":{"start":{"line":37,"column":18},"end":{"line":37,"column":null}},"12":{"start":{"line":38,"column":6},"end":{"line":39,"column":null}},"13":{"start":{"line":38,"column":19},"end":{"line":38,"column":22}},"14":{"start":{"line":39,"column":8},"end":{"line":39,"column":null}},"15":{"start":{"line":41,"column":6},"end":{"line":41,"column":null}},"16":{"start":{"line":45,"column":32},"end":{"line":45,"column":52}}},"fnMap":{"0":{"name":"(anonymous_0)","decl":{"start":{"line":9,"column":4},"end":{"line":9,"column":24}},"loc":{"start":{"line":9,"column":84},"end":{"line":24,"column":null}},"line":9},"1":{"name":"(anonymous_1)","decl":{"start":{"line":33,"column":4},"end":{"line":33,"column":15}},"loc":{"start":{"line":33,"column":59},"end":{"line":41,"column":null}},"line":33}},"branchMap":{"0":{"loc":{"start":{"line":15,"column":10},"end":{"line":21,"column":null}},"type":"if","locations":[{"start":{"line":15,"column":10},"end":{"line":21,"column":null}},{"start":{"line":19,"column":17},"end":{"line":21,"column":null}}],"line":15},"1":{"loc":{"start":{"line":34,"column":6},"end":{"line":35,"column":null}},"type":"if","locations":[{"start":{"line":34,"column":6},"end":{"line":35,"column":null}},{"start":{},"end":{}}],"line":34}},"s":{"0":14,"1":14,"2":14,"3":25,"4":25,"5":14,"6":14,"7":11,"8":14,"9":11,"10":2,"11":9,"12":9,"13":9,"14":26,"15":9,"16":3},"f":{"0":14,"1":11},"b":{"0":[14,11],"1":[2,9]},"meta":{"lastBranch":2,"lastFunction":2,"lastStatement":17,"seen":{"f:9:4:9:24":0,"s:10:20:10:Infinity":0,"s:11:33:11:52":1,"s:13:8:21:Infinity":2,"s:14:24:14:53":3,"b:15:10:21:Infinity:19:17:21:Infinity":0,"s:15:10:21:Infinity":4,"s:17:12:17:Infinity":5,"s:18:12:18:Infinity":6,"s:21:12:21:Infinity":7,"s:24:8:24:Infinity":8,"f:33:4:33:15":1,"b:34:6:35:Infinity:undefined:undefined:undefined:undefined":1,"s:34:6:35:Infinity":9,"s:35:8:35:Infinity":10,"s:37:18:37:Infinity":11,"s:38:6:39:Infinity":12,"s:38:19:38:22":13,"s:39:8:39:Infinity":14,"s:41:6:41:Infinity":15,"s:45:32:45:52":16}}}
,"C:\\Users\\user P\\web-course\\web-programming-course\\lessons\\lr5\\quiz-backend\\src\\services\\sessionService.ts": {"path":"C:\\Users\\user P\\web-course\\web-programming-course\\lessons\\lr5\\quiz-backend\\src\\services\\sessionService.ts","statementMap":{"0":{"start":{"line":16,"column":4},"end":{"line":16,"column":null}},"1":{"start":{"line":14,"column":20},"end":{"line":14,"column":null}},"2":{"start":{"line":17,"column":4},"end":{"line":17,"column":null}},"3":{"start":{"line":22,"column":2},"end":{"line":22,"column":null}},"4":{"start":{"line":22,"column":55},"end":{"line":22,"column":80}},"5":{"start":{"line":27,"column":4},"end":{"line":102,"column":null}},"6":{"start":{"line":28,"column":22},"end":{"line":30,"column":8}},"7":{"start":{"line":33,"column":6},"end":{"line":34,"column":null}},"8":{"start":{"line":34,"column":8},"end":{"line":34,"column":null}},"9":{"start":{"line":37,"column":6},"end":{"line":38,"column":null}},"10":{"start":{"line":38,"column":8},"end":{"line":38,"column":null}},"11":{"start":{"line":41,"column":6},"end":{"line":46,"column":null}},"12":{"start":{"line":42,"column":8},"end":{"line":45,"column":null}},"13":{"start":{"line":46,"column":8},"end":{"line":46,"column":null}},"14":{"start":{"line":50,"column":23},"end":{"line":52,"column":8}},"15":{"start":{"line":54,"column":6},"end":{"line":55,"column":null}},"16":{"start":{"line":55,"column":8},"end":{"line":55,"column":null}},"17":{"start":{"line":58,"column":33},"end":{"line":58,"column":null}},"18":{"start":{"line":59,"column":38},"end":{"line":59,"column":null}},"19":{"start":{"line":61,"column":6},"end":{"line":79,"column":null}},"20":{"start":{"line":62,"column":8},"end":{"line":63,"column":null}},"21":{"start":{"line":63,"column":10},"end":{"line":63,"column":null}},"22":{"start":{"line":65,"column":8},"end":{"line":66,"column":null}},"23":{"start":{"line":66,"column":10},"end":{"line":66,"column":null}},"24":{"start":{"line":70,"column":31},"end":{"line":70,"column":65}},"25":{"start":{"line":71,"column":31},"end":{"line":71,"column":53}},"26":{"start":{"line":73,"column":8},"end":{"line":73,"column":null}},"27":{"start":{"line":75,"column":27},"end":{"line":75,"column":50}},"28":{"start":{"line":76,"column":27},"end":{"line":76,"column":50}},"29":{"start":{"line":77,"column":8},"end":{"line":79,"column":null}},"30":{"start":{"line":79,"column":51},"end":{"line":79,"column":73}},"31":{"start":{"line":83,"column":6},"end":{"line":100,"column":null}},"32":{"start":{"line":84,"column":8},"end":{"line":92,"column":null}},"33":{"start":{"line":94,"column":8},"end":{"line":98,"column":null}},"34":{"start":{"line":98,"column":10},"end":{"line":98,"column":null}},"35":{"start":{"line":100,"column":8},"end":{"line":100,"column":null}},"36":{"start":{"line":118,"column":4},"end":{"line":164,"column":null}},"37":{"start":{"line":120,"column":22},"end":{"line":126,"column":8}},"38":{"start":{"line":129,"column":25},"end":{"line":129,"column":27}},"39":{"start":{"line":130,"column":6},"end":{"line":131,"column":null}},"40":{"start":{"line":131,"column":8},"end":{"line":131,"column":null}},"41":{"start":{"line":135,"column":27},"end":{"line":142,"column":8}},"42":{"start":{"line":145,"column":30},"end":{"line":145,"column":null}},"43":{"start":{"line":146,"column":6},"end":{"line":150,"column":null}},"44":{"start":{"line":148,"column":8},"end":{"line":150,"column":null}},"45":{"start":{"line":149,"column":22},"end":{"line":149,"column":41}},"46":{"start":{"line":154,"column":6},"end":{"line":163,"column":null}},"47":{"start":{"line":168,"column":4},"end":{"line":210,"column":null}},"48":{"start":{"line":170,"column":22},"end":{"line":175,"column":8}},"49":{"start":{"line":177,"column":6},"end":{"line":178,"column":null}},"50":{"start":{"line":178,"column":8},"end":{"line":178,"column":null}},"51":{"start":{"line":181,"column":6},"end":{"line":182,"column":null}},"52":{"start":{"line":182,"column":8},"end":{"line":182,"column":null}},"53":{"start":{"line":185,"column":6},"end":{"line":190,"column":null}},"54":{"start":{"line":186,"column":8},"end":{"line":189,"column":null}},"55":{"start":{"line":190,"column":8},"end":{"line":190,"column":null}},"56":{"start":{"line":194,"column":25},"end":{"line":196,"column":62}},"57":{"start":{"line":195,"column":28},"end":{"line":195,"column":50}},"58":{"start":{"line":196,"column":33},"end":{"line":196,"column":60}},"59":{"start":{"line":199,"column":6},"end":{"line":209,"column":null}},"60":{"start":{"line":214,"column":30},"end":{"line":214,"column":50}}},"fnMap":{"0":{"name":"(anonymous_0)","decl":{"start":{"line":6,"column":2},"end":{"line":6,"column":null}},"loc":{"start":{"line":15,"column":4},"end":{"line":17,"column":null}},"line":15},"1":{"name":"isStringArray","decl":{"start":{"line":21,"column":9},"end":{"line":21,"column":23}},"loc":{"start":{"line":21,"column":58},"end":{"line":22,"column":null}},"line":21},"2":{"name":"(anonymous_2)","decl":{"start":{"line":22,"column":39},"end":{"line":22,"column":46}},"loc":{"start":{"line":22,"column":55},"end":{"line":22,"column":80}},"line":22},"3":{"name":"(anonymous_3)","decl":{"start":{"line":26,"column":8},"end":{"line":26,"column":21}},"loc":{"start":{"line":26,"column":91},"end":{"line":102,"column":null}},"line":26},"4":{"name":"(anonymous_4)","decl":{"start":{"line":27,"column":31},"end":{"line":27,"column":38}},"loc":{"start":{"line":27,"column":45},"end":{"line":102,"column":null}},"line":27},"5":{"name":"(anonymous_5)","decl":{"start":{"line":79,"column":33},"end":{"line":79,"column":40}},"loc":{"start":{"line":79,"column":51},"end":{"line":79,"column":73}},"line":79},"6":{"name":"(anonymous_6)","decl":{"start":{"line":105,"column":8},"end":{"line":105,"column":null}},"loc":{"start":{"line":117,"column":5},"end":{"line":164,"column":null}},"line":117},"7":{"name":"(anonymous_7)","decl":{"start":{"line":118,"column":31},"end":{"line":118,"column":38}},"loc":{"start":{"line":118,"column":45},"end":{"line":164,"column":null}},"line":118},"8":{"name":"(anonymous_8)","decl":{"start":{"line":149,"column":11},"end":{"line":149,"column":22}},"loc":{"start":{"line":149,"column":22},"end":{"line":149,"column":41}},"line":149},"9":{"name":"(anonymous_9)","decl":{"start":{"line":167,"column":8},"end":{"line":167,"column":22}},"loc":{"start":{"line":167,"column":41},"end":{"line":210,"column":null}},"line":167},"10":{"name":"(anonymous_10)","decl":{"start":{"line":168,"column":31},"end":{"line":168,"column":38}},"loc":{"start":{"line":168,"column":45},"end":{"line":210,"column":null}},"line":168},"11":{"name":"(anonymous_11)","decl":{"start":{"line":195,"column":9},"end":{"line":195,"column":17}},"loc":{"start":{"line":195,"column":28},"end":{"line":195,"column":50}},"line":195},"12":{"name":"(anonymous_12)","decl":{"start":{"line":196,"column":9},"end":{"line":196,"column":17}},"loc":{"start":{"line":196,"column":33},"end":{"line":196,"column":60}},"line":196}},"branchMap":{"0":{"loc":{"start":{"line":22,"column":9},"end":{"line":22,"column":80}},"type":"binary-expr","locations":[{"start":{"line":22,"column":9},"end":{"line":22,"column":29}},{"start":{"line":22,"column":33},"end":{"line":22,"column":80}}],"line":22},"1":{"loc":{"start":{"line":33,"column":6},"end":{"line":34,"column":null}},"type":"if","locations":[{"start":{"line":33,"column":6},"end":{"line":34,"column":null}},{"start":{},"end":{}}],"line":33},"2":{"loc":{"start":{"line":37,"column":6},"end":{"line":38,"column":null}},"type":"if","locations":[{"start":{"line":37,"column":6},"end":{"line":38,"column":null}},{"start":{},"end":{}}],"line":37},"3":{"loc":{"start":{"line":41,"column":6},"end":{"line":46,"column":null}},"type":"if","locations":[{"start":{"line":41,"column":6},"end":{"line":46,"column":null}},{"start":{},"end":{}}],"line":41},"4":{"loc":{"start":{"line":54,"column":6},"end":{"line":55,"column":null}},"type":"if","locations":[{"start":{"line":54,"column":6},"end":{"line":55,"column":null}},{"start":{},"end":{}}],"line":54},"5":{"loc":{"start":{"line":61,"column":6},"end":{"line":79,"column":null}},"type":"if","locations":[{"start":{"line":61,"column":6},"end":{"line":79,"column":null}},{"start":{},"end":{}}],"line":61},"6":{"loc":{"start":{"line":62,"column":8},"end":{"line":63,"column":null}},"type":"if","locations":[{"start":{"line":62,"column":8},"end":{"line":63,"column":null}},{"start":{},"end":{}}],"line":62},"7":{"loc":{"start":{"line":65,"column":8},"end":{"line":66,"column":null}},"type":"if","locations":[{"start":{"line":65,"column":8},"end":{"line":66,"column":null}},{"start":{},"end":{}}],"line":65},"8":{"loc":{"start":{"line":78,"column":10},"end":{"line":79,"column":74}},"type":"binary-expr","locations":[{"start":{"line":78,"column":10},"end":{"line":78,"column":null}},{"start":{"line":79,"column":10},"end":{"line":79,"column":74}}],"line":78},"9":{"loc":{"start":{"line":94,"column":8},"end":{"line":98,"column":null}},"type":"if","locations":[{"start":{"line":94,"column":8},"end":{"line":98,"column":null}},{"start":{},"end":{}}],"line":94},"10":{"loc":{"start":{"line":95,"column":10},"end":{"line":96,"column":null}},"type":"binary-expr","locations":[{"start":{"line":95,"column":10},"end":{"line":95,"column":null}},{"start":{"line":96,"column":10},"end":{"line":96,"column":null}}],"line":95},"11":{"loc":{"start":{"line":130,"column":6},"end":{"line":131,"column":null}},"type":"if","locations":[{"start":{"line":130,"column":6},"end":{"line":131,"column":null}},{"start":{},"end":{}}],"line":130},"12":{"loc":{"start":{"line":146,"column":6},"end":{"line":150,"column":null}},"type":"if","locations":[{"start":{"line":146,"column":6},"end":{"line":150,"column":null}},{"start":{},"end":{}}],"line":146},"13":{"loc":{"start":{"line":146,"column":10},"end":{"line":146,"column":47}},"type":"binary-expr","locations":[{"start":{"line":146,"column":10},"end":{"line":146,"column":28}},{"start":{"line":146,"column":28},"end":{"line":146,"column":47}}],"line":146},"14":{"loc":{"start":{"line":158,"column":14},"end":{"line":158,"column":null}},"type":"binary-expr","locations":[{"start":{"line":158,"column":14},"end":{"line":158,"column":31}},{"start":{"line":158,"column":31},"end":{"line":158,"column":null}}],"line":158},"15":{"loc":{"start":{"line":177,"column":6},"end":{"line":178,"column":null}},"type":"if","locations":[{"start":{"line":177,"column":6},"end":{"line":178,"column":null}},{"start":{},"end":{}}],"line":177},"16":{"loc":{"start":{"line":181,"column":6},"end":{"line":182,"column":null}},"type":"if","locations":[{"start":{"line":181,"column":6},"end":{"line":182,"column":null}},{"start":{},"end":{}}],"line":181},"17":{"loc":{"start":{"line":185,"column":6},"end":{"line":190,"column":null}},"type":"if","locations":[{"start":{"line":185,"column":6},"end":{"line":190,"column":null}},{"start":{},"end":{}}],"line":185},"18":{"loc":{"start":{"line":196,"column":40},"end":{"line":196,"column":60}},"type":"binary-expr","locations":[{"start":{"line":196,"column":40},"end":{"line":196,"column":56}},{"start":{"line":196,"column":56},"end":{"line":196,"column":60}}],"line":196}},"s":{"0":0,"1":0,"2":0,"3":4,"4":4,"5":2,"6":2,"7":2,"8":0,"9":2,"10":0,"11":2,"12":0,"13":0,"14":2,"15":2,"16":0,"17":2,"18":2,"19":2,"20":2,"21":0,"22":2,"23":0,"24":2,"25":2,"26":2,"27":2,"28":2,"29":2,"30":2,"31":2,"32":2,"33":0,"34":0,"35":0,"36":3,"37":3,"38":3,"39":3,"40":0,"41":3,"42":3,"43":3,"44":0,"45":0,"46":3,"47":1,"48":1,"49":1,"50":0,"51":1,"52":0,"53":1,"54":0,"55":0,"56":1,"57":1,"58":1,"59":1,"60":1},"f":{"0":0,"1":4,"2":4,"3":2,"4":2,"5":2,"6":3,"7":3,"8":0,"9":1,"10":1,"11":1,"12":1},"b":{"0":[4,4],"1":[0,2],"2":[0,2],"3":[0,2],"4":[0,2],"5":[2,0],"6":[0,2],"7":[0,2],"8":[2,2],"9":[0,0],"10":[0,0],"11":[0,3],"12":[0,3],"13":[3,0],"14":[3,0],"15":[0,1],"16":[0,1],"17":[0,1],"18":[1,0]},"meta":{"lastBranch":19,"lastFunction":13,"lastStatement":61,"seen":{"f:6:2:6:Infinity":0,"s:16:4:16:Infinity":0,"s:14:20:14:Infinity":1,"s:17:4:17:Infinity":2,"f:21:9:21:23":1,"s:22:2:22:Infinity":3,"b:22:9:22:29:22:33:22:80":0,"f:22:39:22:46":2,"s:22:55:22:80":4,"f:26:8:26:21":3,"s:27:4:102:Infinity":5,"f:27:31:27:38":4,"s:28:22:30:8":6,"b:33:6:34:Infinity:undefined:undefined:undefined:undefined":1,"s:33:6:34:Infinity":7,"s:34:8:34:Infinity":8,"b:37:6:38:Infinity:undefined:undefined:undefined:undefined":2,"s:37:6:38:Infinity":9,"s:38:8:38:Infinity":10,"b:41:6:46:Infinity:undefined:undefined:undefined:undefined":3,"s:41:6:46:Infinity":11,"s:42:8:45:Infinity":12,"s:46:8:46:Infinity":13,"s:50:23:52:8":14,"b:54:6:55:Infinity:undefined:undefined:undefined:undefined":4,"s:54:6:55:Infinity":15,"s:55:8:55:Infinity":16,"s:58:33:58:Infinity":17,"s:59:38:59:Infinity":18,"b:61:6:79:Infinity:undefined:undefined:undefined:undefined":5,"s:61:6:79:Infinity":19,"b:62:8:63:Infinity:undefined:undefined:undefined:undefined":6,"s:62:8:63:Infinity":20,"s:63:10:63:Infinity":21,"b:65:8:66:Infinity:undefined:undefined:undefined:undefined":7,"s:65:8:66:Infinity":22,"s:66:10:66:Infinity":23,"s:70:31:70:65":24,"s:71:31:71:53":25,"s:73:8:73:Infinity":26,"s:75:27:75:50":27,"s:76:27:76:50":28,"s:77:8:79:Infinity":29,"b:78:10:78:Infinity:79:10:79:74":8,"f:79:33:79:40":5,"s:79:51:79:73":30,"s:83:6:100:Infinity":31,"s:84:8:92:Infinity":32,"b:94:8:98:Infinity:undefined:undefined:undefined:undefined":9,"s:94:8:98:Infinity":33,"b:95:10:95:Infinity:96:10:96:Infinity":10,"s:98:10:98:Infinity":34,"s:100:8:100:Infinity":35,"f:105:8:105:Infinity":6,"s:118:4:164:Infinity":36,"f:118:31:118:38":7,"s:120:22:126:8":37,"s:129:25:129:27":38,"b:130:6:131:Infinity:undefined:undefined:undefined:undefined":11,"s:130:6:131:Infinity":39,"s:131:8:131:Infinity":40,"s:135:27:142:8":41,"s:145:30:145:Infinity":42,"b:146:6:150:Infinity:undefined:undefined:undefined:undefined":12,"s:146:6:150:Infinity":43,"b:146:10:146:28:146:28:146:47":13,"s:148:8:150:Infinity":44,"f:149:11:149:22":8,"s:149:22:149:41":45,"s:154:6:163:Infinity":46,"b:158:14:158:31:158:31:158:Infinity":14,"f:167:8:167:22":9,"s:168:4:210:Infinity":47,"f:168:31:168:38":10,"s:170:22:175:8":48,"b:177:6:178:Infinity:undefined:undefined:undefined:undefined":15,"s:177:6:178:Infinity":49,"s:178:8:178:Infinity":50,"b:181:6:182:Infinity:undefined:undefined:undefined:undefined":16,"s:181:6:182:Infinity":51,"s:182:8:182:Infinity":52,"b:185:6:190:Infinity:undefined:undefined:undefined:undefined":17,"s:185:6:190:Infinity":53,"s:186:8:189:Infinity":54,"s:190:8:190:Infinity":55,"s:194:25:196:62":56,"f:195:9:195:17":11,"s:195:28:195:50":57,"f:196:9:196:17":12,"s:196:33:196:60":58,"b:196:40:196:56:196:56:196:60":18,"s:199:6:209:Infinity":59,"s:214:30:214:50":60}}}
,"C:\\Users\\user P\\web-course\\web-programming-course\\lessons\\lr5\\quiz-backend\\src\\tests\\setup\\seed.ts": {"path":"C:\\Users\\user P\\web-course\\web-programming-course\\lessons\\lr5\\quiz-backend\\src\\tests\\setup\\seed.ts","statementMap":{"0":{"start":{"line":4,"column":19},"end":{"line":9,"column":4}},"1":{"start":{"line":11,"column":19},"end":{"line":19,"column":4}},"2":{"start":{"line":21,"column":2},"end":{"line":21,"column":null}}},"fnMap":{"0":{"name":"seedCategoryAndQuestion","decl":{"start":{"line":3,"column":22},"end":{"line":3,"column":48}},"loc":{"start":{"line":3,"column":48},"end":{"line":21,"column":null}},"line":3}},"branchMap":{},"s":{"0":1,"1":1,"2":1},"f":{"0":1},"b":{},"meta":{"lastBranch":0,"lastFunction":1,"lastStatement":3,"seen":{"f:3:22:3:48":0,"s:4:19:9:4":0,"s:11:19:19:4":1,"s:21:2:21:Infinity":2}}}
,"C:\\Users\\user P\\web-course\\web-programming-course\\lessons\\lr5\\quiz-backend\\src\\tests\\setup\\test-db.ts": {"path":"C:\\Users\\user P\\web-course\\web-programming-course\\lessons\\lr5\\quiz-backend\\src\\tests\\setup\\test-db.ts","statementMap":{"0":{"start":{"line":3,"column":26},"end":{"line":5,"column":2}},"1":{"start":{"line":8,"column":4},"end":{"line":8,"column":null}},"2":{"start":{"line":9,"column":4},"end":{"line":9,"column":null}},"3":{"start":{"line":10,"column":4},"end":{"line":10,"column":null}},"4":{"start":{"line":11,"column":4},"end":{"line":11,"column":null}},"5":{"start":{"line":12,"column":4},"end":{"line":12,"column":null}}},"fnMap":{"0":{"name":"clearDatabase","decl":{"start":{"line":7,"column":22},"end":{"line":7,"column":38}},"loc":{"start":{"line":7,"column":38},"end":{"line":12,"column":null}},"line":7}},"branchMap":{"0":{"loc":{"start":{"line":4,"column":17},"end":{"line":4,"column":null}},"type":"binary-expr","locations":[{"start":{"line":4,"column":17},"end":{"line":4,"column":45}},{"start":{"line":4,"column":45},"end":{"line":4,"column":null}}],"line":4}},"s":{"0":3,"1":3,"2":3,"3":3,"4":3,"5":3},"f":{"0":3},"b":{"0":[3,0]},"meta":{"lastBranch":1,"lastFunction":1,"lastStatement":6,"seen":{"s:3:26:5:2":0,"b:4:17:4:45:4:45:4:Infinity":0,"f:7:22:7:38":0,"s:8:4:8:Infinity":1,"s:9:4:9:Infinity":2,"s:10:4:10:Infinity":3,"s:11:4:11:Infinity":4,"s:12:4:12:Infinity":5}}}
,"C:\\Users\\user P\\web-course\\web-programming-course\\lessons\\lr5\\quiz-backend\\src\\utils\\validation.ts": {"path":"C:\\Users\\user P\\web-course\\web-programming-course\\lessons\\lr5\\quiz-backend\\src\\utils\\validation.ts","statementMap":{"0":{"start":{"line":3,"column":36},"end":{"line":5,"column":2}},"1":{"start":{"line":7,"column":36},"end":{"line":9,"column":2}},"2":{"start":{"line":11,"column":28},"end":{"line":15,"column":2}},"3":{"start":{"line":17,"column":27},"end":{"line":20,"column":2}},"4":{"start":{"line":22,"column":30},"end":{"line":28,"column":2}}},"fnMap":{},"branchMap":{},"s":{"0":4,"1":4,"2":4,"3":4,"4":4},"f":{},"b":{},"meta":{"lastBranch":0,"lastFunction":0,"lastStatement":5,"seen":{"s:3:36:5:2":0,"s:7:36:9:2":1,"s:11:28:15:2":2,"s:17:27:20:2":3,"s:22:30:28:2":4}}}
}
